2022-06-25 19:20:31 0 [Note] InnoDB: Mutexes and rw_locks use Windows interlocked functions
2022-06-25 19:20:31 0 [Note] InnoDB: Uses event mutexes
2022-06-25 19:20:31 0 [Note] InnoDB: Compressed tables use zlib 1.2.11
2022-06-25 19:20:31 0 [Note] InnoDB: Number of pools: 1
2022-06-25 19:20:31 0 [Note] InnoDB: Using SSE2 crc32 instructions
2022-06-25 19:20:31 0 [Note] InnoDB: Initializing buffer pool, total size = 16M, instances = 1, chunk size = 16M
2022-06-25 19:20:31 0 [Note] InnoDB: Completed initialization of buffer pool
2022-06-25 19:20:31 0 [Note] InnoDB: Starting crash recovery from checkpoint LSN=300288
2022-06-25 19:20:31 0 [Note] InnoDB: 128 out of 128 rollback segments are active.
2022-06-25 19:20:31 0 [Note] InnoDB: Removed temporary tablespace data file: "ibtmp1"
2022-06-25 19:20:31 0 [Note] InnoDB: Creating shared tablespace for temporary tables
2022-06-25 19:20:31 0 [Note] InnoDB: Setting file 'C:\xampp\mysql\data\ibtmp1' size to 12 MB. Physically writing the file full; Please wait ...
2022-06-25 19:20:31 0 [Note] InnoDB: File 'C:\xampp\mysql\data\ibtmp1' size is now 12 MB.
2022-06-25 19:20:31 0 [Note] InnoDB: Waiting for purge to start
2022-06-25 19:20:31 0 [Note] InnoDB: 10.4.24 started; log sequence number 300297; transaction id 170
2022-06-25 19:20:31 0 [Note] InnoDB: Loading buffer pool(s) from C:\xampp\mysql\data\ib_buffer_pool
2022-06-25 19:20:31 0 [Note] Plugin 'FEEDBACK' is disabled.
2022-06-25 19:20:31 0 [Note] Server socket created on IP: '::'.
2022-06-26 10:47:01 0 [Note] InnoDB: Mutexes and rw_locks use Windows interlocked functions
2022-06-26 10:47:01 0 [Note] InnoDB: Uses event mutexes
2022-06-26 10:47:01 0 [Note] InnoDB: Compressed tables use zlib 1.2.11
2022-06-26 10:47:01 0 [Note] InnoDB: Number of pools: 1
2022-06-26 10:47:01 0 [Note] InnoDB: Using SSE2 crc32 instructions
2022-06-26 10:47:01 0 [Note] InnoDB: Initializing buffer pool, total size = 16M, instances = 1, chunk size = 16M
2022-06-26 10:47:01 0 [Note] InnoDB: Completed initialization of buffer pool
2022-06-26 10:47:01 0 [Note] InnoDB: Starting crash recovery from checkpoint LSN=343316
2022-06-26 10:47:01 0 [Note] InnoDB: 128 out of 128 rollback segments are active.
2022-06-26 10:47:01 0 [Note] InnoDB: Removed temporary tablespace data file: "ibtmp1"
2022-06-26 10:47:01 0 [Note] InnoDB: Creating shared tablespace for temporary tables
2022-06-26 10:47:01 0 [Note] InnoDB: Setting file 'C:\xampp\mysql\data\ibtmp1' size to 12 MB. Physically writing the file full; Please wait ...
2022-06-26 10:47:01 0 [Note] InnoDB: File 'C:\xampp\mysql\data\ibtmp1' size is now 12 MB.
2022-06-26 10:47:01 0 [Note] InnoDB: Waiting for purge to start
2022-06-26 10:47:01 0 [Note] InnoDB: 10.4.24 started; log sequence number 343325; transaction id 322
2022-06-26 10:47:01 0 [Note] InnoDB: Loading buffer pool(s) from C:\xampp\mysql\data\ib_buffer_pool
2022-06-26 10:47:01 0 [Note] Plugin 'FEEDBACK' is disabled.
2022-06-26 10:47:01 0 [Note] InnoDB: Buffer pool(s) load completed at 220626 10:47:01
2022-06-26 10:47:01 0 [Note] Server socket created on IP: '::'.
2022-06-26 10:47:05 0 [Note] InnoDB: Mutexes and rw_locks use Windows interlocked functions
2022-06-26 10:47:05 0 [Note] InnoDB: Uses event mutexes
2022-06-26 10:47:05 0 [Note] InnoDB: Compressed tables use zlib 1.2.11
2022-06-26 10:47:05 0 [Note] InnoDB: Number of pools: 1
2022-06-26 10:47:05 0 [Note] InnoDB: Using SSE2 crc32 instructions
2022-06-26 10:47:05 0 [Note] InnoDB: Initializing buffer pool, total size = 16M, instances = 1, chunk size = 16M
2022-06-26 10:47:05 0 [Note] InnoDB: Completed initialization of buffer pool
2022-06-26 10:47:05 0 [Note] InnoDB: Starting crash recovery from checkpoint LSN=343316
2022-06-26 10:47:05 0 [Note] InnoDB: 128 out of 128 rollback segments are active.
2022-06-26 10:47:05 0 [Note] InnoDB: Removed temporary tablespace data file: "ibtmp1"
2022-06-26 10:47:05 0 [Note] InnoDB: Creating shared tablespace for temporary tables
2022-06-26 10:47:05 0 [Note] InnoDB: Setting file 'C:\xampp\mysql\data\ibtmp1' size to 12 MB. Physically writing the file full; Please wait ...
2022-06-26 10:47:05 0 [Note] InnoDB: File 'C:\xampp\mysql\data\ibtmp1' size is now 12 MB.
2022-06-26 10:47:05 0 [Note] InnoDB: Waiting for purge to start
2022-06-26 10:47:05 0 [Note] InnoDB: 10.4.24 started; log sequence number 343325; transaction id 322
2022-06-26 10:47:05 0 [Note] InnoDB: Loading buffer pool(s) from C:\xampp\mysql\data\ib_buffer_pool
2022-06-26 10:47:05 0 [Note] Plugin 'FEEDBACK' is disabled.
2022-06-26 10:47:05 0 [Note] Server socket created on IP: '::'.
2022-06-26 23:28:30 0 [Note] InnoDB: Mutexes and rw_locks use Windows interlocked functions
2022-06-26 23:28:30 0 [Note] InnoDB: Uses event mutexes
2022-06-26 23:28:30 0 [Note] InnoDB: Compressed tables use zlib 1.2.11
2022-06-26 23:28:30 0 [Note] InnoDB: Number of pools: 1
2022-06-26 23:28:30 0 [Note] InnoDB: Using SSE2 crc32 instructions
2022-06-26 23:28:30 0 [Note] InnoDB: Initializing buffer pool, total size = 16M, instances = 1, chunk size = 16M
2022-06-26 23:28:30 0 [Note] InnoDB: Completed initialization of buffer pool
2022-06-26 23:28:30 0 [Note] InnoDB: Starting crash recovery from checkpoint LSN=391922
2022-06-26 23:28:30 0 [Note] InnoDB: 128 out of 128 rollback segments are active.
2022-06-26 23:28:30 0 [Note] InnoDB: Removed temporary tablespace data file: "ibtmp1"
2022-06-26 23:28:30 0 [Note] InnoDB: Creating shared tablespace for temporary tables
2022-06-26 23:28:30 0 [Note] InnoDB: Setting file 'C:\xampp\mysql\data\ibtmp1' size to 12 MB. Physically writing the file full; Please wait ...
2022-06-26 23:28:30 0 [Note] InnoDB: File 'C:\xampp\mysql\data\ibtmp1' size is now 12 MB.
2022-06-26 23:28:30 0 [Note] InnoDB: Waiting for purge to start
2022-06-26 23:28:30 0 [Note] InnoDB: 10.4.24 started; log sequence number 391931; transaction id 498
2022-06-26 23:28:30 0 [Note] InnoDB: Loading buffer pool(s) from C:\xampp\mysql\data\ib_buffer_pool
2022-06-26 23:28:30 0 [Note] Plugin 'FEEDBACK' is disabled.
2022-06-26 23:28:30 0 [Note] Server socket created on IP: '::'.
2022-06-29 15:17:57 0 [Note] InnoDB: Mutexes and rw_locks use Windows interlocked functions
2022-06-29 15:17:57 0 [Note] InnoDB: Uses event mutexes
2022-06-29 15:17:57 0 [Note] InnoDB: Compressed tables use zlib 1.2.11
2022-06-29 15:17:57 0 [Note] InnoDB: Number of pools: 1
2022-06-29 15:17:57 0 [Note] InnoDB: Using SSE2 crc32 instructions
2022-06-29 15:17:57 0 [Note] InnoDB: Initializing buffer pool, total size = 16M, instances = 1, chunk size = 16M
2022-06-29 15:17:57 0 [Note] InnoDB: Completed initialization of buffer pool
2022-06-29 15:17:57 0 [Note] InnoDB: Starting crash recovery from checkpoint LSN=403138
2022-06-29 15:17:58 0 [Note] InnoDB: 128 out of 128 rollback segments are active.
2022-06-29 15:17:58 0 [Note] InnoDB: Removed temporary tablespace data file: "ibtmp1"
2022-06-29 15:17:58 0 [Note] InnoDB: Creating shared tablespace for temporary tables
2022-06-29 15:17:58 0 [Note] InnoDB: Setting file 'C:\xampp\mysql\data\ibtmp1' size to 12 MB. Physically writing the file full; Please wait ...
2022-06-29 15:17:58 0 [Note] InnoDB: File 'C:\xampp\mysql\data\ibtmp1' size is now 12 MB.
2022-06-29 15:17:58 0 [Note] InnoDB: Waiting for purge to start
2022-06-29 15:17:58 0 [Note] InnoDB: 10.4.24 started; log sequence number 403147; transaction id 544
2022-06-29 15:17:58 0 [Note] InnoDB: Loading buffer pool(s) from C:\xampp\mysql\data\ib_buffer_pool
2022-06-29 15:17:58 0 [Note] Plugin 'FEEDBACK' is disabled.
2022-06-29 15:17:58 0 [Note] InnoDB: Buffer pool(s) load completed at 220629 15:17:58
2022-06-29 15:17:58 0 [Note] Server socket created on IP: '::'.
2022-06-29 15:18:17 0 [Note] InnoDB: Mutexes and rw_locks use Windows interlocked functions
2022-06-29 15:18:17 0 [Note] InnoDB: Uses event mutexes
2022-06-29 15:18:17 0 [Note] InnoDB: Compressed tables use zlib 1.2.11
2022-06-29 15:18:17 0 [Note] InnoDB: Number of pools: 1
2022-06-29 15:18:17 0 [Note] InnoDB: Using SSE2 crc32 instructions
2022-06-29 15:18:17 0 [Note] InnoDB: Initializing buffer pool, total size = 16M, instances = 1, chunk size = 16M
2022-06-29 15:18:17 0 [Note] InnoDB: Completed initialization of buffer pool
2022-06-29 15:18:17 0 [Note] InnoDB: Starting crash recovery from checkpoint LSN=403138
2022-06-29 15:18:18 0 [Note] InnoDB: 128 out of 128 rollback segments are active.
2022-06-29 15:18:18 0 [Note] InnoDB: Removed temporary tablespace data file: "ibtmp1"
2022-06-29 15:18:18 0 [Note] InnoDB: Creating shared tablespace for temporary tables
2022-06-29 15:18:18 0 [Note] InnoDB: Setting file 'C:\xampp\mysql\data\ibtmp1' size to 12 MB. Physically writing the file full; Please wait ...
2022-06-29 15:18:18 0 [Note] InnoDB: File 'C:\xampp\mysql\data\ibtmp1' size is now 12 MB.
2022-06-29 15:18:18 0 [Note] InnoDB: Waiting for purge to start
2022-06-29 15:18:18 0 [Note] InnoDB: 10.4.24 started; log sequence number 403147; transaction id 544
2022-06-29 15:18:18 0 [Note] InnoDB: Loading buffer pool(s) from C:\xampp\mysql\data\ib_buffer_pool
2022-06-29 15:18:18 0 [Note] Plugin 'FEEDBACK' is disabled.
2022-06-29 15:18:18 0 [Note] Server socket created on IP: '::'.
2022-06-29 16:21:26 0 [Note] InnoDB: Mutexes and rw_locks use Windows interlocked functions
2022-06-29 16:21:26 0 [Note] InnoDB: Uses event mutexes
2022-06-29 16:21:26 0 [Note] InnoDB: Compressed tables use zlib 1.2.11
2022-06-29 16:21:26 0 [Note] InnoDB: Number of pools: 1
2022-06-29 16:21:26 0 [Note] InnoDB: Using SSE2 crc32 instructions
2022-06-29 16:21:26 0 [Note] InnoDB: Initializing buffer pool, total size = 16M, instances = 1, chunk size = 16M
2022-06-29 16:21:26 0 [Note] InnoDB: Completed initialization of buffer pool
2022-06-29 16:21:26 0 [Note] InnoDB: Starting crash recovery from checkpoint LSN=412344
2022-06-29 16:21:26 0 [Note] InnoDB: 128 out of 128 rollback segments are active.
2022-06-29 16:21:26 0 [Note] InnoDB: Removed temporary tablespace data file: "ibtmp1"
2022-06-29 16:21:26 0 [Note] InnoDB: Creating shared tablespace for temporary tables
2022-06-29 16:21:26 0 [Note] InnoDB: Setting file 'C:\xampp\mysql\data\ibtmp1' size to 12 MB. Physically writing the file full; Please wait ...
2022-06-29 16:21:26 0 [Note] InnoDB: File 'C:\xampp\mysql\data\ibtmp1' size is now 12 MB.
2022-06-29 16:21:26 0 [Note] InnoDB: Waiting for purge to start
2022-06-29 16:21:26 0 [Note] InnoDB: 10.4.24 started; log sequence number 412353; transaction id 582
2022-06-29 16:21:26 0 [Note] InnoDB: Loading buffer pool(s) from C:\xampp\mysql\data\ib_buffer_pool
2022-06-29 16:21:26 0 [Note] Plugin 'FEEDBACK' is disabled.
2022-06-29 16:21:26 0 [Note] Server socket created on IP: '::'.
2022-06-29 22:13:04 0 [Note] InnoDB: Mutexes and rw_locks use Windows interlocked functions
2022-06-29 22:13:04 0 [Note] InnoDB: Uses event mutexes
2022-06-29 22:13:04 0 [Note] InnoDB: Compressed tables use zlib 1.2.11
2022-06-29 22:13:04 0 [Note] InnoDB: Number of pools: 1
2022-06-29 22:13:04 0 [Note] InnoDB: Using SSE2 crc32 instructions
2022-06-29 22:13:04 0 [Note] InnoDB: Initializing buffer pool, total size = 16M, instances = 1, chunk size = 16M
2022-06-29 22:13:04 0 [Note] InnoDB: Completed initialization of buffer pool
2022-06-29 22:13:04 0 [Note] InnoDB: Starting crash recovery from checkpoint LSN=421442
2022-06-29 22:13:04 0 [Note] InnoDB: 128 out of 128 rollback segments are active.
2022-06-29 22:13:04 0 [Note] InnoDB: Removed temporary tablespace data file: "ibtmp1"
2022-06-29 22:13:04 0 [Note] InnoDB: Creating shared tablespace for temporary tables
2022-06-29 22:13:04 0 [Note] InnoDB: Setting file 'C:\xampp\mysql\data\ibtmp1' size to 12 MB. Physically writing the file full; Please wait ...
2022-06-29 22:13:04 0 [Note] InnoDB: File 'C:\xampp\mysql\data\ibtmp1' size is now 12 MB.
2022-06-29 22:13:04 0 [Note] InnoDB: Waiting for purge to start
2022-06-29 22:13:04 0 [Note] InnoDB: 10.4.24 started; log sequence number 421451; transaction id 618
2022-06-29 22:13:04 0 [Note] InnoDB: Loading buffer pool(s) from C:\xampp\mysql\data\ib_buffer_pool
2022-06-29 22:13:04 0 [Note] Plugin 'FEEDBACK' is disabled.
2022-06-29 22:13:04 0 [Note] Server socket created on IP: '::'.
