[Sat Jun 25 19:19:24.047944 2022] [ssl:warn] [pid 25004:tid 356] AH01909: www.example.com:443:0 server certificate does NOT include an ID which matches the server name
[Sat Jun 25 19:19:24.143414 2022] [ssl:warn] [pid 25004:tid 356] AH01909: www.example.com:443:0 server certificate does NOT include an ID which matches the server name
[Sat Jun 25 19:19:24.202172 2022] [mpm_winnt:notice] [pid 25004:tid 356] AH00455: Apache/2.4.53 (Win64) OpenSSL/1.1.1n PHP/8.1.6 configured -- resuming normal operations
[Sat Jun 25 19:19:24.202172 2022] [mpm_winnt:notice] [pid 25004:tid 356] AH00456: Apache Lounge VS16 Server built: Mar 16 2022 11:26:15
[Sat Jun 25 19:19:24.202172 2022] [core:notice] [pid 25004:tid 356] AH00094: Command line: 'C:\\xampp\\apache\\bin\\httpd.exe -d C:/xampp/apache'
[Sat Jun 25 19:19:24.207169 2022] [mpm_winnt:notice] [pid 25004:tid 356] AH00418: Parent: Created child process 1352
[Sat Jun 25 19:19:24.613969 2022] [ssl:warn] [pid 1352:tid 352] AH01909: www.example.com:443:0 server certificate does NOT include an ID which matches the server name
[Sat Jun 25 19:19:24.717935 2022] [ssl:warn] [pid 1352:tid 352] AH01909: www.example.com:443:0 server certificate does NOT include an ID which matches the server name
[Sat Jun 25 19:19:24.775277 2022] [mpm_winnt:notice] [pid 1352:tid 352] AH00354: Child: Starting 150 worker threads.
[Sat Jun 25 19:20:25.055465 2022] [ssl:warn] [pid 25868:tid 328] AH01909: www.example.com:443:0 server certificate does NOT include an ID which matches the server name
[Sat Jun 25 19:20:25.146441 2022] [ssl:warn] [pid 25868:tid 328] AH01909: www.example.com:443:0 server certificate does NOT include an ID which matches the server name
[Sat Jun 25 19:20:25.198439 2022] [mpm_winnt:notice] [pid 25868:tid 328] AH00455: Apache/2.4.53 (Win64) OpenSSL/1.1.1n PHP/8.1.6 configured -- resuming normal operations
[Sat Jun 25 19:20:25.198439 2022] [mpm_winnt:notice] [pid 25868:tid 328] AH00456: Apache Lounge VS16 Server built: Mar 16 2022 11:26:15
[Sat Jun 25 19:20:25.198439 2022] [core:notice] [pid 25868:tid 328] AH00094: Command line: 'c:\\xampp\\apache\\bin\\httpd.exe -d C:/xampp/apache'
[Sat Jun 25 19:20:25.202440 2022] [mpm_winnt:notice] [pid 25868:tid 328] AH00418: Parent: Created child process 26592
[Sat Jun 25 19:20:25.546584 2022] [ssl:warn] [pid 26592:tid 356] AH01909: www.example.com:443:0 server certificate does NOT include an ID which matches the server name
[Sat Jun 25 19:20:25.651049 2022] [ssl:warn] [pid 26592:tid 356] AH01909: www.example.com:443:0 server certificate does NOT include an ID which matches the server name
[Sat Jun 25 19:20:25.701696 2022] [mpm_winnt:notice] [pid 26592:tid 356] AH00354: Child: Starting 150 worker threads.
[Sat Jun 25 19:37:18.607261 2022] [php:warn] [pid 26592:tid 1860] [client ::1:53546] PHP Warning:  include(partials/_dbconncet.php): Failed to open stream: No such file or directory in C:\\xampp\\htdocs\\pankaj\\dir\\HTML\\PBL\\web\\phplogin\\register.php on line 86, referer: http://localhost/pankaj/dir/HTML/PBL/web/phplogin/
[Sat Jun 25 19:37:18.608239 2022] [php:warn] [pid 26592:tid 1860] [client ::1:53546] PHP Warning:  include(): Failed opening 'partials/_dbconncet.php' for inclusion (include_path='C:\\xampp\\php\\PEAR') in C:\\xampp\\htdocs\\pankaj\\dir\\HTML\\PBL\\web\\phplogin\\register.php on line 86, referer: http://localhost/pankaj/dir/HTML/PBL/web/phplogin/
[Sat Jun 25 19:38:06.440140 2022] [php:error] [pid 26592:tid 1860] [client ::1:53547] PHP Parse error:  syntax error, unexpected token "<" in C:\\xampp\\htdocs\\pankaj\\dir\\HTML\\PBL\\web\\phplogin\\partials\\_dbconnect.php on line 10, referer: http://localhost/pankaj/dir/HTML/PBL/web/phplogin/
[Sat Jun 25 20:05:43.477000 2022] [php:warn] [pid 26592:tid 1848] [client ::1:53767] PHP Warning:  Undefined array key "username" in C:\\xampp\\htdocs\\pankaj\\dir\\HTML\\PBL\\web\\phplogin\\register.php on line 88, referer: http://localhost/pankaj/dir/HTML/PBL/web/phplogin/
[Sat Jun 25 20:05:43.477000 2022] [php:warn] [pid 26592:tid 1848] [client ::1:53767] PHP Warning:  Undefined array key "password" in C:\\xampp\\htdocs\\pankaj\\dir\\HTML\\PBL\\web\\phplogin\\register.php on line 89, referer: http://localhost/pankaj/dir/HTML/PBL/web/phplogin/
[Sat Jun 25 20:06:10.150620 2022] [php:warn] [pid 26592:tid 1848] [client ::1:53770] PHP Warning:  Undefined array key "username" in C:\\xampp\\htdocs\\pankaj\\dir\\HTML\\PBL\\web\\phplogin\\register.php on line 88, referer: http://localhost/pankaj/dir/HTML/PBL/web/phplogin/
[Sat Jun 25 20:06:10.150620 2022] [php:warn] [pid 26592:tid 1848] [client ::1:53770] PHP Warning:  Undefined array key "password" in C:\\xampp\\htdocs\\pankaj\\dir\\HTML\\PBL\\web\\phplogin\\register.php on line 89, referer: http://localhost/pankaj/dir/HTML/PBL/web/phplogin/
[Sat Jun 25 20:06:53.231188 2022] [php:warn] [pid 26592:tid 1848] [client ::1:53775] PHP Warning:  Undefined array key "username" in C:\\xampp\\htdocs\\pankaj\\dir\\HTML\\PBL\\web\\phplogin\\register.php on line 88, referer: http://localhost/pankaj/dir/HTML/PBL/web/phplogin/
[Sat Jun 25 20:06:53.231188 2022] [php:warn] [pid 26592:tid 1848] [client ::1:53775] PHP Warning:  Undefined array key "password" in C:\\xampp\\htdocs\\pankaj\\dir\\HTML\\PBL\\web\\phplogin\\register.php on line 89, referer: http://localhost/pankaj/dir/HTML/PBL/web/phplogin/
[Sat Jun 25 20:09:28.105785 2022] [php:warn] [pid 26592:tid 1848] [client ::1:53801] PHP Warning:  Undefined array key "username" in C:\\xampp\\htdocs\\pankaj\\dir\\HTML\\PBL\\web\\phplogin\\register.php on line 88, referer: http://localhost/pankaj/dir/HTML/PBL/web/phplogin/
[Sat Jun 25 20:09:28.105785 2022] [php:warn] [pid 26592:tid 1848] [client ::1:53801] PHP Warning:  Undefined array key "password" in C:\\xampp\\htdocs\\pankaj\\dir\\HTML\\PBL\\web\\phplogin\\register.php on line 89, referer: http://localhost/pankaj/dir/HTML/PBL/web/phplogin/
[Sat Jun 25 20:09:45.564817 2022] [php:warn] [pid 26592:tid 1848] [client ::1:53804] PHP Warning:  Undefined array key "username" in C:\\xampp\\htdocs\\pankaj\\dir\\HTML\\PBL\\web\\phplogin\\register.php on line 88, referer: http://localhost/pankaj/dir/HTML/PBL/web/phplogin/
[Sat Jun 25 20:09:45.564817 2022] [php:warn] [pid 26592:tid 1848] [client ::1:53804] PHP Warning:  Undefined array key "password" in C:\\xampp\\htdocs\\pankaj\\dir\\HTML\\PBL\\web\\phplogin\\register.php on line 89, referer: http://localhost/pankaj/dir/HTML/PBL/web/phplogin/
[Sat Jun 25 20:11:53.591166 2022] [php:warn] [pid 26592:tid 1848] [client ::1:53821] PHP Warning:  include(partial/_dbconnect.php): Failed to open stream: No such file or directory in C:\\xampp\\htdocs\\pankaj\\dir\\HTML\\PBL\\web\\phplogin\\login.php on line 3, referer: http://localhost/pankaj/dir/HTML/PBL/web/phplogin/
[Sat Jun 25 20:11:53.592166 2022] [php:warn] [pid 26592:tid 1848] [client ::1:53821] PHP Warning:  include(): Failed opening 'partial/_dbconnect.php' for inclusion (include_path='C:\\xampp\\php\\PEAR') in C:\\xampp\\htdocs\\pankaj\\dir\\HTML\\PBL\\web\\phplogin\\login.php on line 3, referer: http://localhost/pankaj/dir/HTML/PBL/web/phplogin/
[Sat Jun 25 20:12:56.125303 2022] [php:warn] [pid 26592:tid 1848] [client ::1:53825] PHP Warning:  Undefined array key "username" in C:\\xampp\\htdocs\\pankaj\\dir\\HTML\\PBL\\web\\phplogin\\register.php on line 88, referer: http://localhost/pankaj/dir/HTML/PBL/web/phplogin/
[Sat Jun 25 20:12:56.126314 2022] [php:warn] [pid 26592:tid 1848] [client ::1:53825] PHP Warning:  Undefined array key "password" in C:\\xampp\\htdocs\\pankaj\\dir\\HTML\\PBL\\web\\phplogin\\register.php on line 89, referer: http://localhost/pankaj/dir/HTML/PBL/web/phplogin/
[Sat Jun 25 20:14:11.747111 2022] [php:warn] [pid 26592:tid 1848] [client ::1:53829] PHP Warning:  Undefined array key "username" in C:\\xampp\\htdocs\\pankaj\\dir\\HTML\\PBL\\web\\phplogin\\register.php on line 88, referer: http://localhost/pankaj/dir/HTML/PBL/web/phplogin/
[Sat Jun 25 20:14:11.747111 2022] [php:warn] [pid 26592:tid 1848] [client ::1:53829] PHP Warning:  Undefined array key "password" in C:\\xampp\\htdocs\\pankaj\\dir\\HTML\\PBL\\web\\phplogin\\register.php on line 89, referer: http://localhost/pankaj/dir/HTML/PBL/web/phplogin/
[Sat Jun 25 20:24:09.667429 2022] [php:warn] [pid 26592:tid 1848] [client ::1:53871] PHP Warning:  Undefined array key "username" in C:\\xampp\\htdocs\\pankaj\\dir\\HTML\\PBL\\web\\phplogin\\register.php on line 88, referer: http://localhost/pankaj/dir/HTML/PBL/web/phplogin/
[Sat Jun 25 20:24:09.667429 2022] [php:warn] [pid 26592:tid 1848] [client ::1:53871] PHP Warning:  Undefined array key "password" in C:\\xampp\\htdocs\\pankaj\\dir\\HTML\\PBL\\web\\phplogin\\register.php on line 89, referer: http://localhost/pankaj/dir/HTML/PBL/web/phplogin/
[Sat Jun 25 20:25:06.045134 2022] [php:warn] [pid 26592:tid 1872] [client ::1:53932] PHP Warning:  Undefined array key "username" in C:\\xampp\\htdocs\\pankaj\\dir\\HTML\\PBL\\web\\phplogin\\register.php on line 88, referer: http://localhost/pankaj/dir/HTML/PBL/web/phplogin/
[Sat Jun 25 20:25:06.045515 2022] [php:warn] [pid 26592:tid 1872] [client ::1:53932] PHP Warning:  Undefined array key "password" in C:\\xampp\\htdocs\\pankaj\\dir\\HTML\\PBL\\web\\phplogin\\register.php on line 89, referer: http://localhost/pankaj/dir/HTML/PBL/web/phplogin/
[Sat Jun 25 20:26:51.720537 2022] [php:warn] [pid 26592:tid 1872] [client ::1:53964] PHP Warning:  Undefined array key "username" in C:\\xampp\\htdocs\\pankaj\\dir\\HTML\\PBL\\web\\phplogin\\register.php on line 88, referer: http://localhost/pankaj/dir/HTML/PBL/web/phplogin/
[Sat Jun 25 20:26:51.720537 2022] [php:warn] [pid 26592:tid 1872] [client ::1:53964] PHP Warning:  Undefined array key "password" in C:\\xampp\\htdocs\\pankaj\\dir\\HTML\\PBL\\web\\phplogin\\register.php on line 89, referer: http://localhost/pankaj/dir/HTML/PBL/web/phplogin/
[Sat Jun 25 20:26:54.517523 2022] [php:warn] [pid 26592:tid 1872] [client ::1:53964] PHP Warning:  include(partial/_dbconnect.php): Failed to open stream: No such file or directory in C:\\xampp\\htdocs\\pankaj\\dir\\HTML\\PBL\\web\\phplogin\\login.php on line 3, referer: http://localhost/pankaj/dir/HTML/PBL/web/phplogin/register.php
[Sat Jun 25 20:26:54.517523 2022] [php:warn] [pid 26592:tid 1872] [client ::1:53964] PHP Warning:  include(): Failed opening 'partial/_dbconnect.php' for inclusion (include_path='C:\\xampp\\php\\PEAR') in C:\\xampp\\htdocs\\pankaj\\dir\\HTML\\PBL\\web\\phplogin\\login.php on line 3, referer: http://localhost/pankaj/dir/HTML/PBL/web/phplogin/register.php
[Sat Jun 25 20:27:46.419600 2022] [php:warn] [pid 26592:tid 1872] [client ::1:53970] PHP Warning:  Undefined array key "username" in C:\\xampp\\htdocs\\pankaj\\dir\\HTML\\PBL\\web\\phplogin\\register.php on line 88, referer: http://localhost/pankaj/dir/HTML/PBL/web/phplogin/
[Sat Jun 25 20:27:46.419600 2022] [php:warn] [pid 26592:tid 1872] [client ::1:53970] PHP Warning:  Undefined array key "password" in C:\\xampp\\htdocs\\pankaj\\dir\\HTML\\PBL\\web\\phplogin\\register.php on line 89, referer: http://localhost/pankaj/dir/HTML/PBL/web/phplogin/
[Sat Jun 25 20:28:10.137384 2022] [php:warn] [pid 26592:tid 1848] [client ::1:53990] PHP Warning:  Undefined array key "username" in C:\\xampp\\htdocs\\pankaj\\dir\\HTML\\PBL\\web\\phplogin\\register.php on line 88, referer: http://localhost/pankaj/dir/HTML/PBL/web/phplogin/
[Sat Jun 25 20:28:10.137384 2022] [php:warn] [pid 26592:tid 1848] [client ::1:53990] PHP Warning:  Undefined array key "password" in C:\\xampp\\htdocs\\pankaj\\dir\\HTML\\PBL\\web\\phplogin\\register.php on line 89, referer: http://localhost/pankaj/dir/HTML/PBL/web/phplogin/
[Sat Jun 25 20:29:30.514851 2022] [php:warn] [pid 26592:tid 1860] [client ::1:54033] PHP Warning:  include(partial/_dbconnect.php): Failed to open stream: No such file or directory in C:\\xampp\\htdocs\\pankaj\\dir\\HTML\\PBL\\web\\phplogin\\login.php on line 3, referer: http://localhost/pankaj/dir/HTML/PBL/web/phplogin/register.php
[Sat Jun 25 20:29:30.514851 2022] [php:warn] [pid 26592:tid 1860] [client ::1:54033] PHP Warning:  include(): Failed opening 'partial/_dbconnect.php' for inclusion (include_path='C:\\xampp\\php\\PEAR') in C:\\xampp\\htdocs\\pankaj\\dir\\HTML\\PBL\\web\\phplogin\\login.php on line 3, referer: http://localhost/pankaj/dir/HTML/PBL/web/phplogin/register.php
[Sat Jun 25 20:29:33.592108 2022] [php:warn] [pid 26592:tid 1860] [client ::1:54033] PHP Warning:  include(partial/_dbconnect.php): Failed to open stream: No such file or directory in C:\\xampp\\htdocs\\pankaj\\dir\\HTML\\PBL\\web\\phplogin\\login.php on line 3, referer: http://localhost/pankaj/dir/HTML/PBL/web/phplogin/register.php
[Sat Jun 25 20:29:33.592108 2022] [php:warn] [pid 26592:tid 1860] [client ::1:54033] PHP Warning:  include(): Failed opening 'partial/_dbconnect.php' for inclusion (include_path='C:\\xampp\\php\\PEAR') in C:\\xampp\\htdocs\\pankaj\\dir\\HTML\\PBL\\web\\phplogin\\login.php on line 3, referer: http://localhost/pankaj/dir/HTML/PBL/web/phplogin/register.php
[Sat Jun 25 20:30:59.648590 2022] [php:warn] [pid 26592:tid 1860] [client ::1:54039] PHP Warning:  include(partial/_dbconnect.php): Failed to open stream: No such file or directory in C:\\xampp\\htdocs\\pankaj\\dir\\HTML\\PBL\\web\\phplogin\\login.php on line 3, referer: http://localhost/pankaj/dir/HTML/PBL/web/phplogin/register.php
[Sat Jun 25 20:30:59.648590 2022] [php:warn] [pid 26592:tid 1860] [client ::1:54039] PHP Warning:  include(): Failed opening 'partial/_dbconnect.php' for inclusion (include_path='C:\\xampp\\php\\PEAR') in C:\\xampp\\htdocs\\pankaj\\dir\\HTML\\PBL\\web\\phplogin\\login.php on line 3, referer: http://localhost/pankaj/dir/HTML/PBL/web/phplogin/register.php
[Sat Jun 25 20:31:08.607032 2022] [php:warn] [pid 26592:tid 1860] [client ::1:54040] PHP Warning:  include(partial/_dbconnect.php): Failed to open stream: No such file or directory in C:\\xampp\\htdocs\\pankaj\\dir\\HTML\\PBL\\web\\phplogin\\login.php on line 3, referer: http://localhost/pankaj/dir/HTML/PBL/web/phplogin/
[Sat Jun 25 20:31:08.608020 2022] [php:warn] [pid 26592:tid 1860] [client ::1:54040] PHP Warning:  include(): Failed opening 'partial/_dbconnect.php' for inclusion (include_path='C:\\xampp\\php\\PEAR') in C:\\xampp\\htdocs\\pankaj\\dir\\HTML\\PBL\\web\\phplogin\\login.php on line 3, referer: http://localhost/pankaj/dir/HTML/PBL/web/phplogin/
[Sat Jun 25 20:31:54.589478 2022] [php:warn] [pid 26592:tid 1860] [client ::1:54042] PHP Warning:  include(partial/_dbconnect.php): Failed to open stream: No such file or directory in C:\\xampp\\htdocs\\pankaj\\dir\\HTML\\PBL\\web\\phplogin\\login.php on line 3, referer: http://localhost/pankaj/dir/HTML/PBL/web/phplogin/
[Sat Jun 25 20:31:54.590479 2022] [php:warn] [pid 26592:tid 1860] [client ::1:54042] PHP Warning:  include(): Failed opening 'partial/_dbconnect.php' for inclusion (include_path='C:\\xampp\\php\\PEAR') in C:\\xampp\\htdocs\\pankaj\\dir\\HTML\\PBL\\web\\phplogin\\login.php on line 3, referer: http://localhost/pankaj/dir/HTML/PBL/web/phplogin/
[Sat Jun 25 20:31:55.577552 2022] [php:warn] [pid 26592:tid 1860] [client ::1:54042] PHP Warning:  include(partial/_dbconnect.php): Failed to open stream: No such file or directory in C:\\xampp\\htdocs\\pankaj\\dir\\HTML\\PBL\\web\\phplogin\\login.php on line 3, referer: http://localhost/pankaj/dir/HTML/PBL/web/phplogin/
[Sat Jun 25 20:31:55.577552 2022] [php:warn] [pid 26592:tid 1860] [client ::1:54042] PHP Warning:  include(): Failed opening 'partial/_dbconnect.php' for inclusion (include_path='C:\\xampp\\php\\PEAR') in C:\\xampp\\htdocs\\pankaj\\dir\\HTML\\PBL\\web\\phplogin\\login.php on line 3, referer: http://localhost/pankaj/dir/HTML/PBL/web/phplogin/
[Sat Jun 25 20:31:55.848060 2022] [php:warn] [pid 26592:tid 1860] [client ::1:54042] PHP Warning:  include(partial/_dbconnect.php): Failed to open stream: No such file or directory in C:\\xampp\\htdocs\\pankaj\\dir\\HTML\\PBL\\web\\phplogin\\login.php on line 3, referer: http://localhost/pankaj/dir/HTML/PBL/web/phplogin/
[Sat Jun 25 20:31:55.848060 2022] [php:warn] [pid 26592:tid 1860] [client ::1:54042] PHP Warning:  include(): Failed opening 'partial/_dbconnect.php' for inclusion (include_path='C:\\xampp\\php\\PEAR') in C:\\xampp\\htdocs\\pankaj\\dir\\HTML\\PBL\\web\\phplogin\\login.php on line 3, referer: http://localhost/pankaj/dir/HTML/PBL/web/phplogin/
[Sat Jun 25 20:31:55.951161 2022] [php:warn] [pid 26592:tid 1860] [client ::1:54042] PHP Warning:  include(partial/_dbconnect.php): Failed to open stream: No such file or directory in C:\\xampp\\htdocs\\pankaj\\dir\\HTML\\PBL\\web\\phplogin\\login.php on line 3, referer: http://localhost/pankaj/dir/HTML/PBL/web/phplogin/
[Sat Jun 25 20:31:55.952160 2022] [php:warn] [pid 26592:tid 1860] [client ::1:54042] PHP Warning:  include(): Failed opening 'partial/_dbconnect.php' for inclusion (include_path='C:\\xampp\\php\\PEAR') in C:\\xampp\\htdocs\\pankaj\\dir\\HTML\\PBL\\web\\phplogin\\login.php on line 3, referer: http://localhost/pankaj/dir/HTML/PBL/web/phplogin/
[Sat Jun 25 20:31:56.171791 2022] [php:warn] [pid 26592:tid 1860] [client ::1:54042] PHP Warning:  include(partial/_dbconnect.php): Failed to open stream: No such file or directory in C:\\xampp\\htdocs\\pankaj\\dir\\HTML\\PBL\\web\\phplogin\\login.php on line 3, referer: http://localhost/pankaj/dir/HTML/PBL/web/phplogin/
[Sat Jun 25 20:31:56.171791 2022] [php:warn] [pid 26592:tid 1860] [client ::1:54042] PHP Warning:  include(): Failed opening 'partial/_dbconnect.php' for inclusion (include_path='C:\\xampp\\php\\PEAR') in C:\\xampp\\htdocs\\pankaj\\dir\\HTML\\PBL\\web\\phplogin\\login.php on line 3, referer: http://localhost/pankaj/dir/HTML/PBL/web/phplogin/
[Sat Jun 25 20:31:56.612388 2022] [php:warn] [pid 26592:tid 1860] [client ::1:54042] PHP Warning:  include(partial/_dbconnect.php): Failed to open stream: No such file or directory in C:\\xampp\\htdocs\\pankaj\\dir\\HTML\\PBL\\web\\phplogin\\login.php on line 3, referer: http://localhost/pankaj/dir/HTML/PBL/web/phplogin/
[Sat Jun 25 20:31:56.612388 2022] [php:warn] [pid 26592:tid 1860] [client ::1:54042] PHP Warning:  include(): Failed opening 'partial/_dbconnect.php' for inclusion (include_path='C:\\xampp\\php\\PEAR') in C:\\xampp\\htdocs\\pankaj\\dir\\HTML\\PBL\\web\\phplogin\\login.php on line 3, referer: http://localhost/pankaj/dir/HTML/PBL/web/phplogin/
[Sun Jun 26 10:47:00.324944 2022] [ssl:warn] [pid 20836:tid 352] AH01909: www.example.com:443:0 server certificate does NOT include an ID which matches the server name
[Sun Jun 26 10:47:00.471303 2022] [core:warn] [pid 20836:tid 352] AH00098: pid file C:/xampp/apache/logs/httpd.pid overwritten -- Unclean shutdown of previous Apache run?
[Sun Jun 26 10:47:00.473300 2022] [ssl:warn] [pid 20836:tid 352] AH01909: www.example.com:443:0 server certificate does NOT include an ID which matches the server name
[Sun Jun 26 10:47:00.618883 2022] [mpm_winnt:notice] [pid 20836:tid 352] AH00455: Apache/2.4.53 (Win64) OpenSSL/1.1.1n PHP/8.1.6 configured -- resuming normal operations
[Sun Jun 26 10:47:00.618883 2022] [mpm_winnt:notice] [pid 20836:tid 352] AH00456: Apache Lounge VS16 Server built: Mar 16 2022 11:26:15
[Sun Jun 26 10:47:00.618883 2022] [core:notice] [pid 20836:tid 352] AH00094: Command line: 'c:\\xampp\\apache\\bin\\httpd.exe -d C:/xampp/apache'
[Sun Jun 26 10:47:00.623875 2022] [mpm_winnt:notice] [pid 20836:tid 352] AH00418: Parent: Created child process 7644
[Sun Jun 26 10:47:00.999227 2022] [ssl:warn] [pid 7644:tid 380] AH01909: www.example.com:443:0 server certificate does NOT include an ID which matches the server name
[Sun Jun 26 10:47:01.151286 2022] [ssl:warn] [pid 7644:tid 380] AH01909: www.example.com:443:0 server certificate does NOT include an ID which matches the server name
[Sun Jun 26 10:47:01.209404 2022] [mpm_winnt:notice] [pid 7644:tid 380] AH00354: Child: Starting 150 worker threads.
[Sun Jun 26 10:51:41.164178 2022] [php:error] [pid 7644:tid 1856] [client ::1:55252] PHP Fatal error:  Uncaught TypeError: mysqli_num_rows(): Argument #1 ($result) must be of type mysqli_result, bool given in C:\\xampp\\htdocs\\pankaj\\dir\\HTML\\PBL\\web\\phplogin\\register.php:95\nStack trace:\n#0 C:\\xampp\\htdocs\\pankaj\\dir\\HTML\\PBL\\web\\phplogin\\register.php(95): mysqli_num_rows(true)\n#1 {main}\n  thrown in C:\\xampp\\htdocs\\pankaj\\dir\\HTML\\PBL\\web\\phplogin\\register.php on line 95, referer: http://localhost/pankaj/dir/HTML/PBL/web/phplogin/register.php
[Sun Jun 26 10:52:15.134861 2022] [php:error] [pid 7644:tid 1856] [client ::1:55260] PHP Fatal error:  Uncaught TypeError: mysqli_num_rows(): Argument #1 ($result) must be of type mysqli_result, bool given in C:\\xampp\\htdocs\\pankaj\\dir\\HTML\\PBL\\web\\phplogin\\register.php:95\nStack trace:\n#0 C:\\xampp\\htdocs\\pankaj\\dir\\HTML\\PBL\\web\\phplogin\\register.php(95): mysqli_num_rows(true)\n#1 {main}\n  thrown in C:\\xampp\\htdocs\\pankaj\\dir\\HTML\\PBL\\web\\phplogin\\register.php on line 95, referer: http://localhost/pankaj/dir/HTML/PBL/web/phplogin/register.php
[Sun Jun 26 10:54:42.054646 2022] [php:error] [pid 7644:tid 1856] [client ::1:55270] PHP Fatal error:  Uncaught TypeError: mysqli_num_rows(): Argument #1 ($result) must be of type mysqli_result, bool given in C:\\xampp\\htdocs\\pankaj\\dir\\HTML\\PBL\\web\\phplogin\\register.php:95\nStack trace:\n#0 C:\\xampp\\htdocs\\pankaj\\dir\\HTML\\PBL\\web\\phplogin\\register.php(95): mysqli_num_rows(true)\n#1 {main}\n  thrown in C:\\xampp\\htdocs\\pankaj\\dir\\HTML\\PBL\\web\\phplogin\\register.php on line 95, referer: http://localhost/pankaj/dir/HTML/PBL/web/phplogin/register.php
[Sun Jun 26 10:57:18.002198 2022] [php:error] [pid 7644:tid 1856] [client ::1:55343] PHP Fatal error:  Uncaught Error: Call to undefined function mysqli_result() in C:\\xampp\\htdocs\\pankaj\\dir\\HTML\\PBL\\web\\phplogin\\register.php:91\nStack trace:\n#0 {main}\n  thrown in C:\\xampp\\htdocs\\pankaj\\dir\\HTML\\PBL\\web\\phplogin\\register.php on line 91, referer: http://localhost/pankaj/dir/HTML/PBL/web/phplogin/register.php
[Sun Jun 26 10:58:24.484618 2022] [php:error] [pid 7644:tid 1856] [client ::1:55352] PHP Fatal error:  Uncaught Error: Call to undefined function mysqli_result_rows() in C:\\xampp\\htdocs\\pankaj\\dir\\HTML\\PBL\\web\\phplogin\\register.php:95\nStack trace:\n#0 {main}\n  thrown in C:\\xampp\\htdocs\\pankaj\\dir\\HTML\\PBL\\web\\phplogin\\register.php on line 95, referer: http://localhost/pankaj/dir/HTML/PBL/web/phplogin/register.php
[Sun Jun 26 10:59:48.330535 2022] [php:error] [pid 7644:tid 1856] [client ::1:55370] PHP Fatal error:  Uncaught Error: Call to undefined function mysqli_result_rows() in C:\\xampp\\htdocs\\pankaj\\dir\\HTML\\PBL\\web\\phplogin\\register.php:95\nStack trace:\n#0 {main}\n  thrown in C:\\xampp\\htdocs\\pankaj\\dir\\HTML\\PBL\\web\\phplogin\\register.php on line 95, referer: http://localhost/pankaj/dir/HTML/PBL/web/phplogin/register.php
[Sun Jun 26 11:00:20.254634 2022] [php:error] [pid 7644:tid 1856] [client ::1:55375] PHP Fatal error:  Uncaught TypeError: mysqli_num_rows(): Argument #1 ($result) must be of type mysqli_result, bool given in C:\\xampp\\htdocs\\pankaj\\dir\\HTML\\PBL\\web\\phplogin\\register.php:95\nStack trace:\n#0 C:\\xampp\\htdocs\\pankaj\\dir\\HTML\\PBL\\web\\phplogin\\register.php(95): mysqli_num_rows(true)\n#1 {main}\n  thrown in C:\\xampp\\htdocs\\pankaj\\dir\\HTML\\PBL\\web\\phplogin\\register.php on line 95, referer: http://localhost/pankaj/dir/HTML/PBL/web/phplogin/register.php
[Sun Jun 26 11:01:24.484344 2022] [php:error] [pid 7644:tid 1856] [client ::1:55377] PHP Fatal error:  Uncaught TypeError: mysqli_num_rows(): Argument #1 ($result) must be of type mysqli_result, bool given in C:\\xampp\\htdocs\\pankaj\\dir\\HTML\\PBL\\web\\phplogin\\register.php:95\nStack trace:\n#0 C:\\xampp\\htdocs\\pankaj\\dir\\HTML\\PBL\\web\\phplogin\\register.php(95): mysqli_num_rows(true)\n#1 {main}\n  thrown in C:\\xampp\\htdocs\\pankaj\\dir\\HTML\\PBL\\web\\phplogin\\register.php on line 95, referer: http://localhost/pankaj/dir/HTML/PBL/web/phplogin/register.php
[Sun Jun 26 11:31:53.714962 2022] [php:error] [pid 7644:tid 1868] [client ::1:55550] PHP Fatal error:  Uncaught mysqli_sql_exception: Table 'login.users' doesn't exist in C:\\xampp\\htdocs\\pankaj\\dir\\HTML\\PBL\\web\\phplogin\\register.php:15\nStack trace:\n#0 C:\\xampp\\htdocs\\pankaj\\dir\\HTML\\PBL\\web\\phplogin\\register.php(15): mysqli_prepare(Object(mysqli), 'SELECT id FROM ...')\n#1 {main}\n  thrown in C:\\xampp\\htdocs\\pankaj\\dir\\HTML\\PBL\\web\\phplogin\\register.php on line 15, referer: http://localhost/pankaj/dir/HTML/PBL/web/phplogin/register.php
[Sun Jun 26 11:36:12.862608 2022] [php:warn] [pid 7644:tid 1856] [client ::1:55636] PHP Warning:  Undefined array key "confirm_password" in C:\\xampp\\htdocs\\pankaj\\dir\\HTML\\PBL\\web\\phplogin\\register.php on line 54, referer: http://localhost/pankaj/dir/HTML/PBL/web/phplogin/register.php
[Sun Jun 26 11:37:08.360519 2022] [php:warn] [pid 7644:tid 1856] [client ::1:55641] PHP Warning:  Undefined array key "confirm_password" in C:\\xampp\\htdocs\\pankaj\\dir\\HTML\\PBL\\web\\phplogin\\register.php on line 54, referer: http://localhost/pankaj/dir/HTML/PBL/web/phplogin/register.php
[Sun Jun 26 11:40:25.727327 2022] [php:error] [pid 7644:tid 1868] [client ::1:55677] PHP Fatal error:  Uncaught mysqli_sql_exception: Table 'login.users' doesn't exist in C:\\xampp\\htdocs\\pankaj\\dir\\HTML\\PBL\\web\\phplogin\\register.php:15\nStack trace:\n#0 C:\\xampp\\htdocs\\pankaj\\dir\\HTML\\PBL\\web\\phplogin\\register.php(15): mysqli_prepare(Object(mysqli), 'SELECT id FROM ...')\n#1 {main}\n  thrown in C:\\xampp\\htdocs\\pankaj\\dir\\HTML\\PBL\\web\\phplogin\\register.php on line 15, referer: http://localhost/pankaj/dir/HTML/PBL/web/phplogin/register.php
[Sun Jun 26 11:42:45.076470 2022] [php:warn] [pid 7644:tid 1848] [client ::1:55701] PHP Warning:  Undefined array key "confirm_password" in C:\\xampp\\htdocs\\pankaj\\dir\\HTML\\PBL\\web\\phplogin\\register.php on line 54, referer: http://localhost/pankaj/dir/HTML/PBL/web/phplogin/register.php
[Sun Jun 26 11:43:36.376904 2022] [php:error] [pid 7644:tid 1848] [client ::1:55710] script 'C:/xampp/htdocs/register.php' not found or unable to stat, referer: http://localhost/pankaj/dir/HTML/PBL/web/phplogin/login.php
[Sun Jun 26 11:43:54.442194 2022] [php:warn] [pid 7644:tid 1848] [client ::1:55722] PHP Warning:  Undefined array key "confirm_password" in C:\\xampp\\htdocs\\pankaj\\dir\\HTML\\PBL\\web\\phplogin\\register.php on line 54, referer: http://localhost/pankaj/dir/HTML/PBL/web/phplogin/register.php
[Sun Jun 26 11:51:30.226112 2022] [php:warn] [pid 7644:tid 1848] [client ::1:55781] PHP Warning:  Undefined array key "confirm_password" in C:\\xampp\\htdocs\\pankaj\\dir\\HTML\\PBL\\web\\phplogin\\register.php on line 54, referer: http://localhost/pankaj/dir/HTML/PBL/web/phplogin/register.php
[Sun Jun 26 11:53:54.984521 2022] [php:error] [pid 7644:tid 1848] [client ::1:55796] script 'C:/xampp/htdocs/register.php' not found or unable to stat, referer: http://localhost/pankaj/dir/HTML/PBL/web/phplogin/login.php
[Sun Jun 26 11:55:00.565891 2022] [php:warn] [pid 7644:tid 1868] [client ::1:55821] PHP Warning:  Undefined variable $stmt in C:\\xampp\\htdocs\\pankaj\\dir\\HTML\\PBL\\web\\phplogin\\register.php on line 39, referer: http://localhost/pankaj/dir/HTML/PBL/web/phplogin/register.php
[Sun Jun 26 11:55:00.565891 2022] [php:error] [pid 7644:tid 1868] [client ::1:55821] PHP Fatal error:  Uncaught TypeError: mysqli_stmt_close(): Argument #1 ($statement) must be of type mysqli_stmt, null given in C:\\xampp\\htdocs\\pankaj\\dir\\HTML\\PBL\\web\\phplogin\\register.php:39\nStack trace:\n#0 C:\\xampp\\htdocs\\pankaj\\dir\\HTML\\PBL\\web\\phplogin\\register.php(39): mysqli_stmt_close(NULL)\n#1 {main}\n  thrown in C:\\xampp\\htdocs\\pankaj\\dir\\HTML\\PBL\\web\\phplogin\\register.php on line 39, referer: http://localhost/pankaj/dir/HTML/PBL/web/phplogin/register.php
[Sun Jun 26 12:02:04.474344 2022] [php:warn] [pid 7644:tid 1856] [client ::1:55899] PHP Warning:  Undefined array key "confirm_password" in C:\\xampp\\htdocs\\pankaj\\dir\\HTML\\PBL\\web\\phplogin\\register.php on line 53, referer: http://localhost/pankaj/dir/HTML/PBL/web/phplogin/register.php
[Sun Jun 26 23:28:29.441818 2022] [ssl:warn] [pid 19904:tid 328] AH01909: www.example.com:443:0 server certificate does NOT include an ID which matches the server name
[Sun Jun 26 23:28:29.534171 2022] [core:warn] [pid 19904:tid 328] AH00098: pid file C:/xampp/apache/logs/httpd.pid overwritten -- Unclean shutdown of previous Apache run?
[Sun Jun 26 23:28:29.536119 2022] [ssl:warn] [pid 19904:tid 328] AH01909: www.example.com:443:0 server certificate does NOT include an ID which matches the server name
[Sun Jun 26 23:28:29.592207 2022] [mpm_winnt:notice] [pid 19904:tid 328] AH00455: Apache/2.4.53 (Win64) OpenSSL/1.1.1n PHP/8.1.6 configured -- resuming normal operations
[Sun Jun 26 23:28:29.592207 2022] [mpm_winnt:notice] [pid 19904:tid 328] AH00456: Apache Lounge VS16 Server built: Mar 16 2022 11:26:15
[Sun Jun 26 23:28:29.592207 2022] [core:notice] [pid 19904:tid 328] AH00094: Command line: 'c:\\xampp\\apache\\bin\\httpd.exe -d C:/xampp/apache'
[Sun Jun 26 23:28:29.595177 2022] [mpm_winnt:notice] [pid 19904:tid 328] AH00418: Parent: Created child process 2396
[Sun Jun 26 23:28:29.943280 2022] [ssl:warn] [pid 2396:tid 344] AH01909: www.example.com:443:0 server certificate does NOT include an ID which matches the server name
[Sun Jun 26 23:28:30.056680 2022] [ssl:warn] [pid 2396:tid 344] AH01909: www.example.com:443:0 server certificate does NOT include an ID which matches the server name
[Sun Jun 26 23:28:30.117294 2022] [mpm_winnt:notice] [pid 2396:tid 344] AH00354: Child: Starting 150 worker threads.
[Mon Jun 27 00:47:19.556571 2022] [php:warn] [pid 2396:tid 1860] [client ::1:57550] PHP Warning:  Undefined variable $stmt in C:\\xampp\\htdocs\\pankaj\\dir\\HTML\\PBL\\web\\phplogin\\login.php on line 27, referer: http://localhost/pankaj/dir/HTML/PBL/web/phplogin/login.php
[Mon Jun 27 00:47:19.557640 2022] [php:error] [pid 2396:tid 1860] [client ::1:57550] PHP Fatal error:  Uncaught TypeError: mysqli_stmt_bind_param(): Argument #1 ($statement) must be of type mysqli_stmt, null given in C:\\xampp\\htdocs\\pankaj\\dir\\HTML\\PBL\\web\\phplogin\\login.php:27\nStack trace:\n#0 C:\\xampp\\htdocs\\pankaj\\dir\\HTML\\PBL\\web\\phplogin\\login.php(27): mysqli_stmt_bind_param(NULL, 's', NULL)\n#1 {main}\n  thrown in C:\\xampp\\htdocs\\pankaj\\dir\\HTML\\PBL\\web\\phplogin\\login.php on line 27, referer: http://localhost/pankaj/dir/HTML/PBL/web/phplogin/login.php
[Mon Jun 27 00:54:25.611493 2022] [php:warn] [pid 2396:tid 1860] [client ::1:57571] PHP Warning:  Undefined variable $stmt in C:\\xampp\\htdocs\\pankaj\\dir\\HTML\\PBL\\web\\phplogin\\login.php on line 27, referer: http://localhost/pankaj/dir/HTML/PBL/web/phplogin/login.php
[Mon Jun 27 00:54:25.612526 2022] [php:error] [pid 2396:tid 1860] [client ::1:57571] PHP Fatal error:  Uncaught TypeError: mysqli_stmt_bind_param(): Argument #1 ($statement) must be of type mysqli_stmt, null given in C:\\xampp\\htdocs\\pankaj\\dir\\HTML\\PBL\\web\\phplogin\\login.php:27\nStack trace:\n#0 C:\\xampp\\htdocs\\pankaj\\dir\\HTML\\PBL\\web\\phplogin\\login.php(27): mysqli_stmt_bind_param(NULL, 's', NULL)\n#1 {main}\n  thrown in C:\\xampp\\htdocs\\pankaj\\dir\\HTML\\PBL\\web\\phplogin\\login.php on line 27, referer: http://localhost/pankaj/dir/HTML/PBL/web/phplogin/login.php
[Mon Jun 27 00:54:31.085347 2022] [php:warn] [pid 2396:tid 1860] [client ::1:57573] PHP Warning:  Undefined variable $stmt in C:\\xampp\\htdocs\\pankaj\\dir\\HTML\\PBL\\web\\phplogin\\login.php on line 27, referer: http://localhost/pankaj/dir/HTML/PBL/web/phplogin/login.php
[Mon Jun 27 00:54:31.086353 2022] [php:error] [pid 2396:tid 1860] [client ::1:57573] PHP Fatal error:  Uncaught TypeError: mysqli_stmt_bind_param(): Argument #1 ($statement) must be of type mysqli_stmt, null given in C:\\xampp\\htdocs\\pankaj\\dir\\HTML\\PBL\\web\\phplogin\\login.php:27\nStack trace:\n#0 C:\\xampp\\htdocs\\pankaj\\dir\\HTML\\PBL\\web\\phplogin\\login.php(27): mysqli_stmt_bind_param(NULL, 's', NULL)\n#1 {main}\n  thrown in C:\\xampp\\htdocs\\pankaj\\dir\\HTML\\PBL\\web\\phplogin\\login.php on line 27, referer: http://localhost/pankaj/dir/HTML/PBL/web/phplogin/login.php
[Mon Jun 27 01:00:02.963789 2022] [php:notice] [pid 2396:tid 1860] [client ::1:57613] PHP Notice:  session_start(): Ignoring session_start() because a session is already active in C:\\xampp\\htdocs\\pankaj\\dir\\HTML\\PBL\\web\\phplogin\\login.php on line 46, referer: http://localhost/pankaj/dir/HTML/PBL/web/phplogin/login.php
[Mon Jun 27 01:03:40.692417 2022] [php:error] [pid 2396:tid 1880] [client ::1:57688] PHP Parse error:  syntax error, unexpected token "}" in C:\\xampp\\htdocs\\pankaj\\dir\\HTML\\PBL\\web\\phplogin\\login.php on line 54, referer: http://localhost/pankaj/dir/HTML/PBL/web/phplogin/register.php
[Mon Jun 27 01:12:11.084960 2022] [php:notice] [pid 2396:tid 1880] [client ::1:57728] PHP Notice:  session_start(): Ignoring session_start() because a session is already active in C:\\xampp\\htdocs\\pankaj\\dir\\HTML\\PBL\\web\\phplogin\\login.php on line 46, referer: http://localhost/pankaj/dir/HTML/PBL/web/phplogin/login.php
[Mon Jun 27 01:32:45.072668 2022] [php:warn] [pid 2396:tid 1880] [client ::1:57844] PHP Warning:  Undefined array key " username" in C:\\xampp\\htdocs\\pankaj\\dir\\HTML\\PBL\\web\\phplogin\\welcome.php on line 57, referer: http://localhost/pankaj/dir/HTML/PBL/web/phplogin/login.php
[Mon Jun 27 01:32:45.072668 2022] [php:warn] [pid 2396:tid 1880] [client ::1:57844] PHP Warning:  Undefined array key " username" in C:\\xampp\\htdocs\\pankaj\\dir\\HTML\\PBL\\web\\phplogin\\welcome.php on line 63, referer: http://localhost/pankaj/dir/HTML/PBL/web/phplogin/login.php
[Mon Jun 27 01:33:29.257699 2022] [php:warn] [pid 2396:tid 1880] [client ::1:57847] PHP Warning:  Undefined array key " username" in C:\\xampp\\htdocs\\pankaj\\dir\\HTML\\PBL\\web\\phplogin\\welcome.php on line 61, referer: http://localhost/pankaj/dir/HTML/PBL/web/phplogin/login.php
[Wed Jun 29 15:17:47.970889 2022] [ssl:warn] [pid 34224:tid 160] AH01909: www.example.com:443:0 server certificate does NOT include an ID which matches the server name
[Wed Jun 29 15:17:48.100702 2022] [core:warn] [pid 34224:tid 160] AH00098: pid file C:/xampp/apache/logs/httpd.pid overwritten -- Unclean shutdown of previous Apache run?
[Wed Jun 29 15:17:48.103706 2022] [ssl:warn] [pid 34224:tid 160] AH01909: www.example.com:443:0 server certificate does NOT include an ID which matches the server name
[Wed Jun 29 15:17:48.384926 2022] [mpm_winnt:notice] [pid 34224:tid 160] AH00455: Apache/2.4.53 (Win64) OpenSSL/1.1.1n PHP/8.1.6 configured -- resuming normal operations
[Wed Jun 29 15:17:48.384926 2022] [mpm_winnt:notice] [pid 34224:tid 160] AH00456: Apache Lounge VS16 Server built: Mar 16 2022 11:26:15
[Wed Jun 29 15:17:48.384926 2022] [core:notice] [pid 34224:tid 160] AH00094: Command line: 'c:\\xampp\\apache\\bin\\httpd.exe -d C:/xampp/apache'
[Wed Jun 29 15:17:48.389663 2022] [mpm_winnt:notice] [pid 34224:tid 160] AH00418: Parent: Created child process 16512
[Wed Jun 29 15:17:49.499585 2022] [ssl:warn] [pid 16512:tid 360] AH01909: www.example.com:443:0 server certificate does NOT include an ID which matches the server name
[Wed Jun 29 15:17:49.710125 2022] [ssl:warn] [pid 16512:tid 360] AH01909: www.example.com:443:0 server certificate does NOT include an ID which matches the server name
[Wed Jun 29 15:17:49.798419 2022] [mpm_winnt:notice] [pid 16512:tid 360] AH00354: Child: Starting 150 worker threads.
[Wed Jun 29 15:20:24.992054 2022] [php:notice] [pid 16512:tid 1908] [client ::1:64187] PHP Notice:  session_start(): Ignoring session_start() because a session is already active in C:\\xampp\\htdocs\\pankaj\\dir\\HTML\\PBL\\web\\phplogin\\login.php on line 46, referer: http://localhost/pankaj/dir/HTML/PBL/web/phplogin/login.php
[Wed Jun 29 15:26:52.875059 2022] [php:error] [pid 16512:tid 1908] [client ::1:64244] script 'C:/xampp/htdocs/register.php' not found or unable to stat, referer: http://localhost/pankaj/dir/HTML/PBL/web/phplogin/welcome.php
[Wed Jun 29 16:17:23.113786 2022] [php:error] [pid 16512:tid 1944] [client ::1:64653] script 'C:/xampp/htdocs/login.php' not found or unable to stat, referer: http://localhost/pankaj/dir/HTML/PBL/web/phplogin/register.php
[Wed Jun 29 16:17:39.698296 2022] [php:error] [pid 16512:tid 1944] [client ::1:64657] script 'C:/xampp/htdocs/login.php' not found or unable to stat, referer: http://localhost/pankaj/dir/HTML/PBL/web/phplogin/register.php
[Wed Jun 29 16:17:41.414597 2022] [php:error] [pid 16512:tid 1944] [client ::1:64657] script 'C:/xampp/htdocs/login.php' not found or unable to stat, referer: http://localhost/pankaj/dir/HTML/PBL/web/phplogin/register.php
[Wed Jun 29 16:21:25.459630 2022] [ssl:warn] [pid 20140:tid 336] AH01909: www.example.com:443:0 server certificate does NOT include an ID which matches the server name
[Wed Jun 29 16:21:25.555155 2022] [core:warn] [pid 20140:tid 336] AH00098: pid file C:/xampp/apache/logs/httpd.pid overwritten -- Unclean shutdown of previous Apache run?
[Wed Jun 29 16:21:25.557152 2022] [ssl:warn] [pid 20140:tid 336] AH01909: www.example.com:443:0 server certificate does NOT include an ID which matches the server name
[Wed Jun 29 16:21:25.616179 2022] [mpm_winnt:notice] [pid 20140:tid 336] AH00455: Apache/2.4.53 (Win64) OpenSSL/1.1.1n PHP/8.1.6 configured -- resuming normal operations
[Wed Jun 29 16:21:25.616179 2022] [mpm_winnt:notice] [pid 20140:tid 336] AH00456: Apache Lounge VS16 Server built: Mar 16 2022 11:26:15
[Wed Jun 29 16:21:25.616179 2022] [core:notice] [pid 20140:tid 336] AH00094: Command line: 'c:\\xampp\\apache\\bin\\httpd.exe -d C:/xampp/apache'
[Wed Jun 29 16:21:25.620652 2022] [mpm_winnt:notice] [pid 20140:tid 336] AH00418: Parent: Created child process 30876
[Wed Jun 29 16:21:25.939365 2022] [ssl:warn] [pid 30876:tid 344] AH01909: www.example.com:443:0 server certificate does NOT include an ID which matches the server name
[Wed Jun 29 16:21:26.032966 2022] [ssl:warn] [pid 30876:tid 344] AH01909: www.example.com:443:0 server certificate does NOT include an ID which matches the server name
[Wed Jun 29 16:21:26.082770 2022] [mpm_winnt:notice] [pid 30876:tid 344] AH00354: Child: Starting 150 worker threads.
[Wed Jun 29 16:22:47.704625 2022] [php:notice] [pid 30876:tid 1864] [client ::1:64800] PHP Notice:  session_start(): Ignoring session_start() because a session is already active in C:\\xampp\\htdocs\\pankaj\\dir\\HTML\\PBL\\web\\phplogin\\login.php on line 46, referer: http://localhost/pankaj/dir/HTML/PBL/web/phplogin/login.php
[Wed Jun 29 19:31:55.588572 2022] [php:error] [pid 30876:tid 1848] [client ::1:64654] script 'C:/xampp/htdocs/logout.php' not found or unable to stat, referer: http://localhost/pankaj/dir/HTML/PBL/web/phplogin/welcome.php
[Wed Jun 29 19:32:05.451517 2022] [php:error] [pid 30876:tid 1848] [client ::1:64654] script 'C:/xampp/htdocs/logout.php' not found or unable to stat, referer: http://localhost/pankaj/dir/HTML/PBL/web/phplogin/welcome.php?login.php
[Wed Jun 29 19:32:11.114126 2022] [php:error] [pid 30876:tid 1848] [client ::1:64654] script 'C:/xampp/htdocs/register.php' not found or unable to stat, referer: http://localhost/pankaj/dir/HTML/PBL/web/phplogin/welcome.php?login.php
[Wed Jun 29 19:33:13.657711 2022] [php:error] [pid 30876:tid 1848] [client ::1:64663] script 'C:/xampp/htdocs/logout.php' not found or unable to stat, referer: http://localhost/pankaj/dir/HTML/PBL/web/phplogin/welcome.php?login.php
[Wed Jun 29 19:33:16.735902 2022] [php:error] [pid 30876:tid 1848] [client ::1:64663] script 'C:/xampp/htdocs/logout.php' not found or unable to stat, referer: http://localhost/pankaj/dir/HTML/PBL/web/phplogin/welcome.php?login.php
[Wed Jun 29 19:33:45.915793 2022] [php:warn] [pid 30876:tid 1848] [client ::1:64673] PHP Warning:  Undefined array key "username" in C:\\xampp\\htdocs\\pankaj\\dir\\HTML\\PBL\\web\\phplogin\\welcome.php on line 65, referer: http://localhost/pankaj/dir/HTML/PBL/web/phplogin/
[Wed Jun 29 19:34:19.299191 2022] [php:notice] [pid 30876:tid 1848] [client ::1:64681] PHP Notice:  session_start(): Ignoring session_start() because a session is already active in C:\\xampp\\htdocs\\pankaj\\dir\\HTML\\PBL\\web\\phplogin\\login.php on line 46, referer: http://localhost/pankaj/dir/HTML/PBL/web/phplogin/login.php
[Wed Jun 29 19:38:26.052332 2022] [php:warn] [pid 30876:tid 1848] [client ::1:64701] PHP Warning:  Undefined array key "username" in C:\\xampp\\htdocs\\pankaj\\dir\\HTML\\PBL\\web\\phplogin\\welcome.php on line 65, referer: http://localhost/pankaj/dir/HTML/PBL/web/phplogin/login.php
[Wed Jun 29 19:38:42.996379 2022] [php:warn] [pid 30876:tid 1848] [client ::1:64705] PHP Warning:  Undefined array key "username" in C:\\xampp\\htdocs\\pankaj\\dir\\HTML\\PBL\\web\\phplogin\\welcome.php on line 65, referer: http://localhost/pankaj/dir/HTML/PBL/web/phplogin/
[Wed Jun 29 19:39:07.504090 2022] [php:notice] [pid 30876:tid 1848] [client ::1:64708] PHP Notice:  session_start(): Ignoring session_start() because a session is already active in C:\\xampp\\htdocs\\pankaj\\dir\\HTML\\PBL\\web\\phplogin\\login.php on line 46, referer: http://localhost/pankaj/dir/HTML/PBL/web/phplogin/login.php
[Wed Jun 29 19:47:08.816168 2022] [php:error] [pid 30876:tid 1848] [client ::1:64788] script 'C:/xampp/htdocs/register.php' not found or unable to stat, referer: http://localhost/pankaj/dir/HTML/PBL/web/phplogin/login.php
[Wed Jun 29 19:47:38.157853 2022] [php:error] [pid 30876:tid 1848] [client ::1:64804] script 'C:/xampp/htdocs/register.php' not found or unable to stat, referer: http://localhost/pankaj/dir/HTML/PBL/web/phplogin/login.php
[Wed Jun 29 19:48:09.052604 2022] [php:error] [pid 30876:tid 1848] [client ::1:64816] script 'C:/xampp/htdocs/register.php' not found or unable to stat, referer: http://localhost/pankaj/dir/HTML/PBL/web/phplogin/login.php
[Wed Jun 29 19:48:10.538203 2022] [php:error] [pid 30876:tid 1848] [client ::1:64816] script 'C:/xampp/htdocs/register.php' not found or unable to stat, referer: http://localhost/pankaj/dir/HTML/PBL/web/phplogin/login.php
[Wed Jun 29 19:48:11.168231 2022] [php:error] [pid 30876:tid 1848] [client ::1:64816] script 'C:/xampp/htdocs/register.php' not found or unable to stat, referer: http://localhost/pankaj/dir/HTML/PBL/web/phplogin/login.php
[Wed Jun 29 19:48:11.404658 2022] [php:error] [pid 30876:tid 1848] [client ::1:64816] script 'C:/xampp/htdocs/register.php' not found or unable to stat, referer: http://localhost/pankaj/dir/HTML/PBL/web/phplogin/login.php
[Wed Jun 29 19:49:14.130094 2022] [php:notice] [pid 30876:tid 1848] [client ::1:64838] PHP Notice:  session_start(): Ignoring session_start() because a session is already active in C:\\xampp\\htdocs\\pankaj\\dir\\HTML\\PBL\\web\\phplogin\\login.php on line 46, referer: http://localhost/pankaj/dir/HTML/PBL/web/phplogin/login.php
[Wed Jun 29 19:51:28.305691 2022] [php:notice] [pid 30876:tid 1848] [client ::1:64878] PHP Notice:  session_start(): Ignoring session_start() because a session is already active in C:\\xampp\\htdocs\\pankaj\\dir\\HTML\\PBL\\web\\phplogin\\login.php on line 46, referer: http://localhost/pankaj/dir/HTML/PBL/web/phplogin/login.php
[Wed Jun 29 19:59:23.671454 2022] [php:notice] [pid 30876:tid 1916] [client ::1:64956] PHP Notice:  session_start(): Ignoring session_start() because a session is already active in C:\\xampp\\htdocs\\pankaj\\dir\\HTML\\PBL\\web\\phplogin\\login.php on line 46, referer: http://localhost/pankaj/dir/HTML/PBL/web/phplogin/login.php
[Wed Jun 29 22:13:02.570657 2022] [ssl:warn] [pid 9004:tid 344] AH01909: www.example.com:443:0 server certificate does NOT include an ID which matches the server name
[Wed Jun 29 22:13:02.791323 2022] [core:warn] [pid 9004:tid 344] AH00098: pid file C:/xampp/apache/logs/httpd.pid overwritten -- Unclean shutdown of previous Apache run?
[Wed Jun 29 22:13:02.791323 2022] [ssl:warn] [pid 9004:tid 344] AH01909: www.example.com:443:0 server certificate does NOT include an ID which matches the server name
[Wed Jun 29 22:13:02.870555 2022] [mpm_winnt:notice] [pid 9004:tid 344] AH00455: Apache/2.4.53 (Win64) OpenSSL/1.1.1n PHP/8.1.6 configured -- resuming normal operations
[Wed Jun 29 22:13:02.870555 2022] [mpm_winnt:notice] [pid 9004:tid 344] AH00456: Apache Lounge VS16 Server built: Mar 16 2022 11:26:15
[Wed Jun 29 22:13:02.870555 2022] [core:notice] [pid 9004:tid 344] AH00094: Command line: 'c:\\xampp\\apache\\bin\\httpd.exe -d C:/xampp/apache'
[Wed Jun 29 22:13:02.886212 2022] [mpm_winnt:notice] [pid 9004:tid 344] AH00418: Parent: Created child process 11096
[Wed Jun 29 22:13:03.323762 2022] [ssl:warn] [pid 11096:tid 328] AH01909: www.example.com:443:0 server certificate does NOT include an ID which matches the server name
[Wed Jun 29 22:13:03.526933 2022] [ssl:warn] [pid 11096:tid 328] AH01909: www.example.com:443:0 server certificate does NOT include an ID which matches the server name
[Wed Jun 29 22:13:03.605144 2022] [mpm_winnt:notice] [pid 11096:tid 328] AH00354: Child: Starting 150 worker threads.
[Wed Jun 29 22:25:37.882565 2022] [php:warn] [pid 11096:tid 1884] [client ::1:49205] PHP Warning:  Undefined array key "username" in C:\\xampp\\htdocs\\pankaj\\dir\\HTML\\PBL\\web\\phplogin\\welcome.php on line 55, referer: http://localhost/pankaj/dir/HTML/PBL/web/phplogin/
[Wed Jun 29 22:25:57.596469 2022] [php:notice] [pid 11096:tid 1884] [client ::1:49213] PHP Notice:  session_start(): Ignoring session_start() because a session is already active in C:\\xampp\\htdocs\\pankaj\\dir\\HTML\\PBL\\web\\phplogin\\login.php on line 46, referer: http://localhost/pankaj/dir/HTML/PBL/web/phplogin/login.php
